<?xml version="1.0" encoding="UTF-8"?>
<!-- Generated by org.testng.reporters.JUnitReportReporter -->
<testsuite hostname="ons-PC" name="com.qtpselenium.core.ddf.testcases.DummyTestC" tests="1" failures="0" timestamp="18 Feb 2017 07:30:11 GMT" time="0.000" errors="0">
  <testcase name="testC" time="0.000" classname="com.qtpselenium.core.ddf.testcases.DummyTestC"/>
</testsuite> <!-- com.qtpselenium.core.ddf.testcases.DummyTestC -->
